# JRE version: OpenJDK Runtime Environment (21.0.10) (build 21.0.10+-14961533-b1163.108)
# Java VM: OpenJDK 64-Bit Server VM (21.0.10+-14961533-b1163.108, mixed mode, tiered, compressed oops, compressed class ptrs, g1 gc, windows-amd64)
GC Precious Log:
 CardTable entry size: 512
 Card Set container configuration: InlinePtr #cards 5 size 8 Array Of Cards #cards 12 size 40 Howl #buckets 4 coarsen threshold 1843 Howl Bitmap #cards 512 size 80 coarsen threshold 460 Card regions per heap region 1 cards per card region 2048
 CPUs: 8 total, 8 available
 Memory: 8030M
 Large Page Support: Disabled
 NUMA Support: Disabled
 Compressed Oops: Enabled (32-bit)
 Heap Region Size: 1M
 Heap Min Capacity: 8M
 Heap Initial Capacity: 8M
 Heap Max Capacity: 2008M
 Pre-touch: Disabled
 Parallel Workers: 8
 Concurrent Workers: 2
 Concurrent Refinement Workers: 8
 Periodic GC: Disabled
Heap:
 garbage-first heap   total 11264K, used 3817K [0x0000000082800000, 0x0000000100000000)
  region size 1024K, 1 young (1024K), 1 survivors (1024K)
 Metaspace       used 16275K, committed 16384K, reserved 1114112K
  class space    used 1766K, committed 1792K, reserved 1048576K
GC Heap History (17 events):
Event: 0.189 GC heap before
{Heap before GC invocations=0 (full 0):
 garbage-first heap   total 8192K, used 2048K [0x0000000082800000, 0x0000000100000000)
  region size 1024K, 3 young (3072K), 0 survivors (0K)
 Metaspace       used 7071K, committed 7232K, reserved 1114112K
  class space    used 679K, committed 768K, reserved 1048576K
}
Event: 0.192 GC heap after
{Heap after GC invocations=1 (full 0):
 garbage-first heap   total 8192K, used 896K [0x0000000082800000, 0x0000000100000000)
  region size 1024K, 1 young (1024K), 1 survivors (1024K)
 Metaspace       used 7071K, committed 7232K, reserved 1114112K
  class space    used 679K, committed 768K, reserved 1048576K
}
Event: 0.239 GC heap before
{Heap before GC invocations=1 (full 0):
 garbage-first heap   total 8192K, used 1920K [0x0000000082800000, 0x0000000100000000)
  region size 1024K, 3 young (3072K), 1 survivors (1024K)
 Metaspace       used 8087K, committed 8320K, reserved 1114112K
  class space    used 796K, committed 896K, reserved 1048576K
}
Event: 0.242 GC heap after
{Heap after GC invocations=2 (full 0):
 garbage-first heap   total 8192K, used 1049K [0x0000000082800000, 0x0000000100000000)
  region size 1024K, 1 young (1024K), 1 survivors (1024K)
 Metaspace       used 8087K, committed 8320K, reserved 1114112K
  class space    used 796K, committed 896K, reserved 1048576K
}
Event: 0.304 GC heap before
{Heap before GC invocations=2 (full 0):
 garbage-first heap   total 8192K, used 3097K [0x0000000082800000, 0x0000000100000000)
  region size 1024K, 3 young (3072K), 1 survivors (1024K)
 Metaspace       used 9228K, committed 9344K, reserved 1114112K
  class space    used 941K, committed 1024K, reserved 1048576K
}
Event: 0.306 GC heap after
{Heap after GC invocations=3 (full 0):
 garbage-first heap   total 8192K, used 1134K [0x0000000082800000, 0x0000000100000000)
  region size 1024K, 1 young (1024K), 1 survivors (1024K)
 Metaspace       used 9228K, committed 9344K, reserved 1114112K
  class space    used 941K, committed 1024K, reserved 1048576K
}
Event: 0.342 GC heap before
{Heap before GC invocations=3 (full 0):
 garbage-first heap   total 8192K, used 3182K [0x0000000082800000, 0x0000000100000000)
  region size 1024K, 4 young (4096K), 1 survivors (1024K)
 Metaspace       used 10133K, committed 10304K, reserved 1114112K
  class space    used 1091K, committed 1152K, reserved 1048576K
}
Event: 0.344 GC heap after
{Heap after GC invocations=4 (full 0):
 garbage-first heap   total 8192K, used 1594K [0x0000000082800000, 0x0000000100000000)
  region size 1024K, 1 young (1024K), 1 survivors (1024K)
 Metaspace       used 10133K, committed 10304K, reserved 1114112K
  class space    used 1091K, committed 1152K, reserved 1048576K
}
Event: 0.391 GC heap before
{Heap before GC invocations=4 (full 0):
 garbage-first heap   total 8192K, used 3642K [0x0000000082800000, 0x0000000100000000)
  region size 1024K, 4 young (4096K), 1 survivors (1024K)
 Metaspace       used 11018K, committed 11136K, reserved 1114112K
  class space    used 1215K, committed 1280K, reserved 1048576K
}
Event: 0.393 GC heap after
{Heap after GC invocations=5 (full 0):
 garbage-first heap   total 11264K, used 1752K [0x0000000082800000, 0x0000000100000000)
  region size 1024K, 1 young (1024K), 1 survivors (1024K)
 Metaspace       used 11018K, committed 11136K, reserved 1114112K
  class space    used 1215K, committed 1280K, reserved 1048576K
}
Event: 0.436 GC heap before
{Heap before GC invocations=5 (full 0):
 garbage-first heap   total 11264K, used 4824K [0x0000000082800000, 0x0000000100000000)
  region size 1024K, 5 young (5120K), 1 survivors (1024K)
 Metaspace       used 12091K, committed 12224K, reserved 1114112K
  class space    used 1338K, committed 1408K, reserved 1048576K
}
Event: 0.437 GC heap after
{Heap after GC invocations=6 (full 0):
 garbage-first heap   total 11264K, used 1747K [0x0000000082800000, 0x0000000100000000)
  region size 1024K, 1 young (1024K), 1 survivors (1024K)
 Metaspace       used 12091K, committed 12224K, reserved 1114112K
  class space    used 1338K, committed 1408K, reserved 1048576K
}
Event: 0.514 GC heap before
{Heap before GC invocations=6 (full 0):
 garbage-first heap   total 11264K, used 5843K [0x0000000082800000, 0x0000000100000000)
  region size 1024K, 6 young (6144K), 1 survivors (1024K)
 Metaspace       used 13554K, committed 13696K, reserved 1114112K
  class space    used 1517K, committed 1600K, reserved 1048576K
}
Event: 0.516 GC heap after
{Heap after GC invocations=7 (full 0):
 garbage-first heap   total 11264K, used 2192K [0x0000000082800000, 0x0000000100000000)
  region size 1024K, 1 young (1024K), 1 survivors (1024K)
 Metaspace       used 13554K, committed 13696K, reserved 1114112K
  class space    used 1517K, committed 1600K, reserved 1048576K
}
Event: 0.676 GC heap before
{Heap before GC invocations=7 (full 0):
 garbage-first heap   total 11264K, used 7312K [0x0000000082800000, 0x0000000100000000)
  region size 1024K, 6 young (6144K), 1 survivors (1024K)
 Metaspace       used 16052K, committed 16192K, reserved 1114112K
  class space    used 1755K, committed 1792K, reserved 1048576K
}
Event: 0.679 GC heap after
{Heap after GC invocations=8 (full 0):
 garbage-first heap   total 11264K, used 3218K [0x0000000082800000, 0x0000000100000000)
  region size 1024K, 1 young (1024K), 1 survivors (1024K)
 Metaspace       used 16052K, committed 16192K, reserved 1114112K
  class space    used 1755K, committed 1792K, reserved 1048576K
}
Event: 0.737 GC heap before
{Heap before GC invocations=8 (full 0):
 garbage-first heap   total 11264K, used 7314K [0x0000000082800000, 0x0000000100000000)
  region size 1024K, 5 young (5120K), 1 survivors (1024K)
 Metaspace       used 16275K, committed 16384K, reserved 1114112K
  class space    used 1766K, committed 1792K, reserved 1048576K
}

